<?xml version="1.0" encoding="UTF-8"?>
<!-- Generated by org.testng.reporters.JUnitReportReporter -->
<testsuite skipped="0" hostname="Poornimas-MBP"
	name="com.testcases.jiraapi" tests="1" failures="0"
	timestamp="17 May 2018 04:23:00 GMT" time="1.324" errors="0">
	<testcase name="create_issue" time="1.324"
		classname="com.testcases.jiraapi" />
</testsuite> <!-- com.testcases.jiraapi -->
