<?xml version="1.0" encoding="UTF-8"?>
<!-- Generated by org.testng.reporters.JUnitReportReporter -->
<testsuite skipped="0" hostname="Poornimas-MBP"
	name="com.restapi.AppTest" tests="1" failures="0"
	timestamp="15 May 2018 01:55:44 GMT" time="0.007" errors="0">
	<testcase name="AppTest1" time="0.007"
		classname="com.restapi.AppTest" />
</testsuite> <!-- com.restapi.AppTest -->
